<?xml version="1.0" encoding="UTF-8"?>
<!-- Generated by org.testng.reporters.JUnitReportReporter -->
<testsuite skipped="0" hostname="MS-20170527WBQB" name="httptest.InterfaceHomework" tests="4" failures="0" timestamp="19 九月 2017 01:48:26 GMT" time="0.583" errors="0">
  <testcase name="skulistgoodsid" time="0.340" classname="httptest.InterfaceHomework"/>
  <testcase name="skulistgoodsid" time="0.060" classname="httptest.InterfaceHomework"/>
  <testcase name="skulistgoodsid" time="0.137" classname="httptest.InterfaceHomework"/>
  <testcase name="skulistgoodsid" time="0.046" classname="httptest.InterfaceHomework"/>
</testsuite> <!-- httptest.InterfaceHomework -->
