<?xml version="1.0" encoding="UTF-8"?>
<!-- Generated by org.testng.reporters.JUnitReportReporter -->
<testsuite skipped="0" hostname="MS-20170527WBQB" name="httptest.httpscene3" tests="1" failures="0" timestamp="20 九月 2017 11:07:27 GMT" time="0.668" errors="0">
  <testcase name="login" time="0.668" classname="httptest.httpscene3"/>
</testsuite> <!-- httptest.httpscene3 -->
