<?xml version="1.0" encoding="UTF-8"?>
<!-- Generated by org.testng.reporters.JUnitReportReporter -->
<testsuite skipped="0" hostname="MS-20170527WBQB" name="httptest.Interfacehomework2" tests="2" failures="0" timestamp="20 九月 2017 06:33:01 GMT" time="0.887" errors="0">
  <testcase name="addnewaddress" time="0.004" classname="httptest.Interfacehomework2"/>
  <testcase name="login" time="0.883" classname="httptest.Interfacehomework2"/>
</testsuite> <!-- httptest.Interfacehomework2 -->
